<?xml version="1.0" encoding="UTF-8"?>
<!-- Generated by org.testng.reporters.JUnitReportReporter -->
<testsuite hostname="LAPTOP-KMLSJNFK" failures="0" tests="2" name="com.osa.runners.RunQA" time="14.312" errors="0" timestamp="2021-09-11T16:23:26 EDT" skipped="0">
  <testcase classname="com.osa.runners.RunQA" name="runScenario" time="6.792"/>
  <testcase classname="com.osa.runners.RunQA" name="runScenario" time="7.520"/>
</testsuite> <!-- com.osa.runners.RunQA -->
