<?xml version="1.0" encoding="UTF-8"?>
<!-- Generated by org.testng.reporters.JUnitReportReporter -->
<testsuite hostname="LAPTOP-KMLSJNFK" failures="0" tests="1" name="com.osa.runners.RunTestNG" time="6.339" errors="0" timestamp="2021-08-24T17:48:38 EDT" skipped="0">
  <testcase classname="com.osa.runners.RunTestNG" name="feature" time="6.339"/>
</testsuite> <!-- com.osa.runners.RunTestNG -->
