<?xml version="1.0" encoding="UTF-8"?>
<!-- Generated by org.testng.reporters.JUnitReportReporter -->
<testsuite skipped="0" hostname="obaidulla" name="com.osa.runners.RunQA" tests="2" failures="0" timestamp="2021-09-12T00:14:35 EDT" time="30.390" errors="0">
  <testcase name="runScenario" time="17.722" classname="com.osa.runners.RunQA"/>
  <testcase name="runScenario" time="12.668" classname="com.osa.runners.RunQA"/>
</testsuite> <!-- com.osa.runners.RunQA -->
