<?xml version="1.0" encoding="UTF-8"?>
<!-- Generated by org.testng.reporters.JUnitReportReporter -->
<testsuite skipped="0" hostname="obaidulla" name="com.osa.runners.RunQA" tests="2" failures="0" timestamp="2021-09-12T00:16:44 EDT" time="35.291" errors="0">
  <testcase name="runScenario" time="18.463" classname="com.osa.runners.RunQA"/>
  <testcase name="runScenario" time="16.828" classname="com.osa.runners.RunQA"/>
</testsuite> <!-- com.osa.runners.RunQA -->
