<?xml version="1.0" encoding="UTF-8"?>
<!-- Generated by org.testng.reporters.JUnitReportReporter -->
<testsuite skipped="0" hostname="LAPTOP-KMLSJNFK" name="com.osa.runners.RunQA" tests="2" failures="0" timestamp="2021-09-11T16:36:54 EDT" time="13.802" errors="0">
  <testcase name="runScenario" time="6.429" classname="com.osa.runners.RunQA"/>
  <testcase name="runScenario" time="7.373" classname="com.osa.runners.RunQA"/>
</testsuite> <!-- com.osa.runners.RunQA -->
